<?xml version="1.0" encoding="UTF-8"?>
<!-- Generated by org.testng.reporters.JUnitXMLReporter -->
<testsuite ignored="0" hostname="DESKTOP-TCIBJ34" failures="1" tests="2" name="Test" time="14.711" errors="0" timestamp="2025-07-21T18:20:48 IST">
  <testcase classname="testCases.TC001_AccountRegistrationTest" name="TS001_TC_RF_001" time="2.555">
    <failure type="java.lang.AssertionError" message="expected [true] but found [false]">
      <![CDATA[java.lang.AssertionError: expected [true] but found [false]
at testCases.TC001_AccountRegistrationTest.TS001_TC_RF_001(TC001_AccountRegistrationTest.java:71)
at java.base/java.util.ArrayList.forEach(ArrayList.java:1596)
... Removed 29 stack frames]]>
    </failure>
  </testcase> <!-- TS001_TC_RF_001 -->
  <testcase classname="testCases.TC002_LoginTest" name="TS002_TC_LF_001" time="1.843"/>
</testsuite> <!-- Test -->
